SF:lib\src\momentum_base.dart
DA:12,2
DA:14,2
DA:23,2
DA:25,4
DA:39,4
DA:51,4
DA:56,2
DA:65,2
DA:67,4
DA:73,1
DA:76,1
DA:85,4
DA:86,4
DA:92,1
DA:93,1
DA:94,3
DA:98,2
DA:100,3
DA:112,1
DA:114,2
DA:117,1
DA:118,1
DA:120,3
DA:134,4
DA:135,4
DA:136,4
DA:137,4
DA:138,4
DA:139,4
DA:140,3
DA:141,1
DA:150,4
DA:151,4
DA:152,4
DA:153,4
DA:154,4
DA:155,3
DA:156,1
DA:158,8
DA:159,8
DA:160,8
DA:161,4
DA:162,4
DA:163,3
DA:164,1
DA:180,2
DA:185,2
DA:190,8
DA:200,4
DA:201,4
DA:202,4
DA:203,4
DA:204,4
DA:205,4
DA:206,4
DA:207,8
DA:208,8
DA:209,8
DA:211,1
DA:213,12
DA:214,12
DA:215,4
DA:216,6
DA:217,2
DA:220,4
DA:230,1
DA:231,1
DA:234,4
DA:235,4
DA:237,3
DA:241,4
DA:242,2
DA:243,3
DA:255,2
DA:262,3
DA:265,4
DA:269,8
DA:270,4
DA:271,4
DA:272,8
DA:273,4
DA:276,2
DA:277,4
DA:278,6
DA:280,2
DA:281,4
DA:282,12
DA:286,4
DA:288,2
DA:290,4
DA:291,8
DA:292,6
DA:296,3
DA:297,2
DA:298,2
DA:300,3
DA:304,2
DA:305,2
DA:306,3
DA:308,2
DA:309,1
DA:310,1
DA:311,3
DA:313,1
DA:323,2
DA:327,4
DA:328,8
DA:329,4
DA:330,4
DA:332,1
DA:333,3
DA:339,1
DA:340,3
DA:346,2
DA:347,2
DA:348,4
DA:361,2
DA:362,2
DA:363,6
DA:365,2
DA:368,2
DA:369,4
DA:370,1
DA:371,2
DA:372,1
DA:376,1
DA:377,1
DA:379,1
DA:380,1
DA:382,1
DA:383,1
DA:384,3
DA:390,3
DA:391,1
DA:392,1
DA:395,1
DA:396,3
DA:404,4
DA:405,8
DA:406,2
DA:408,4
DA:409,2
DA:410,4
DA:411,10
DA:413,1
DA:414,2
DA:415,6
DA:420,3
DA:421,1
DA:422,3
DA:427,2
DA:429,1
DA:430,1
DA:432,1
DA:433,3
DA:445,1
DA:446,2
DA:447,2
DA:448,1
DA:449,3
DA:450,2
DA:451,2
DA:452,6
DA:454,1
DA:462,1
DA:463,1
DA:465,1
DA:466,1
DA:469,2
DA:470,3
DA:471,2
DA:472,2
DA:473,6
DA:475,5
DA:476,2
DA:477,1
DA:479,1
DA:483,4
DA:484,8
DA:495,1
DA:499,3
DA:518,1
DA:522,5
DA:529,1
DA:530,5
DA:531,2
DA:532,1
DA:536,2
DA:537,10
DA:538,7
DA:548,1
DA:549,1
DA:551,2
DA:552,2
DA:553,3
DA:554,3
DA:555,3
DA:556,1
DA:557,1
DA:558,1
DA:560,2
DA:561,2
DA:563,1
DA:564,3
DA:571,2
DA:575,2
DA:579,2
DA:583,1
DA:588,1
DA:589,1
DA:590,1
DA:591,2
DA:592,1
DA:596,4
DA:601,4
DA:602,8
DA:603,4
DA:606,2
DA:607,2
DA:625,4
DA:627,4
DA:629,4
DA:630,4
DA:633,4
DA:635,4
DA:636,4
DA:639,1
DA:641,1
DA:642,1
DA:645,4
DA:647,8
DA:648,4
DA:653,4
DA:656,4
DA:657,4
DA:658,4
DA:660,4
DA:666,4
DA:697,4
DA:703,4
DA:705,4
DA:707,4
DA:716,1
DA:717,2
DA:718,1
DA:719,4
DA:725,4
DA:728,4
DA:729,4
DA:730,4
DA:732,4
DA:735,4
DA:737,8
DA:738,3
DA:739,2
DA:742,16
DA:745,4
DA:746,8
DA:747,16
DA:748,8
DA:750,8
DA:753,8
DA:754,20
DA:755,16
DA:756,12
DA:757,12
DA:758,12
DA:760,24
DA:761,12
DA:762,4
DA:764,2
DA:765,2
DA:767,4
DA:768,0
DA:769,0
DA:773,6
DA:783,4
DA:784,8
DA:785,0
DA:786,0
DA:789,8
DA:790,9
DA:791,1
DA:794,3
DA:796,2
DA:800,2
DA:802,12
DA:804,0
DA:806,0
DA:812,0
DA:813,0
DA:814,0
DA:815,0
DA:818,0
DA:820,0
DA:821,0
DA:825,0
DA:830,4
DA:837,8
DA:840,4
DA:851,2
DA:865,4
DA:875,4
DA:876,4
DA:877,4
DA:886,4
DA:888,16
DA:891,4
DA:894,4
DA:895,4
DA:896,4
DA:898,4
DA:901,4
DA:902,16
DA:903,12
DA:904,12
DA:905,12
DA:908,4
DA:911,8
DA:912,8
DA:913,4
DA:914,8
DA:915,8
DA:916,8
DA:918,8
DA:920,8
DA:921,4
DA:925,4
DA:926,8
DA:927,6
DA:928,2
DA:929,0
DA:930,0
DA:931,0
DA:932,0
DA:934,0
DA:937,8
DA:938,4
DA:942,4
DA:943,20
DA:944,5
DA:945,1
DA:949,4
DA:950,8
DA:951,20
DA:952,6
DA:953,8
DA:954,8
DA:955,4
DA:956,12
DA:957,8
DA:958,12
DA:959,8
DA:960,4
DA:964,4
DA:966,8
DA:967,8
DA:969,0
DA:970,4
DA:971,8
DA:973,8
DA:974,4
DA:975,4
DA:979,4
DA:981,4
DA:982,4
DA:985,4
DA:997,4
DA:1010,4
DA:1013,4
DA:1026,4
DA:1027,4
DA:1030,0
DA:1031,4
DA:1045,4
DA:1047,8
DA:1049,12
DA:1051,0
DA:1054,4
DA:1055,8
DA:1057,0
DA:1062,4
DA:1063,16
DA:1065,4
DA:1066,4
DA:1067,0
DA:1068,0
DA:1069,0
DA:1086,3
DA:1087,3
DA:1090,3
DA:1091,13
DA:1093,0
DA:1101,0
DA:1102,0
DA:1105,2
DA:1106,9
DA:1108,2
DA:1115,4
DA:1119,8
DA:1120,12
DA:1121,1
DA:1124,0
DA:1131,4
DA:1133,4
DA:1136,0
DA:1137,0
DA:1138,0
DA:1139,0
DA:1146,0
DA:1147,0
DA:1148,0
DA:1149,0
DA:1151,0
DA:1158,0
DA:1159,0
DA:1161,0
DA:1162,0
DA:1172,0
DA:1173,0
DA:1179,2
DA:1180,4
DA:1189,2
DA:1190,4
DA:1196,0
DA:1197,0
DA:1200,4
DA:1201,8
DA:1204,1
DA:1205,2
DA:1208,1
LF:431
LH:384
end_of_record
SF:lib\src\momentum_router.dart
DA:17,0
DA:27,0
DA:32,0
DA:33,0
DA:34,0
DA:39,0
DA:44,0
DA:45,0
DA:46,0
DA:49,0
DA:50,0
DA:52,0
DA:53,0
DA:54,0
DA:56,0
DA:58,0
DA:59,0
DA:63,0
DA:65,0
DA:67,0
DA:70,0
DA:75,0
DA:79,0
DA:80,0
DA:81,0
DA:83,0
DA:85,0
DA:86,0
DA:88,0
DA:91,0
DA:93,0
DA:95,0
DA:102,0
DA:103,0
DA:104,0
DA:107,0
DA:108,0
DA:109,0
DA:110,0
DA:115,0
DA:116,0
DA:117,0
DA:122,0
DA:123,0
DA:124,0
DA:125,0
DA:126,0
DA:128,0
DA:133,0
DA:134,0
DA:135,0
DA:136,0
DA:137,0
DA:139,0
DA:146,0
DA:151,0
DA:152,0
DA:160,0
DA:164,0
DA:165,0
DA:172,0
DA:173,0
DA:174,0
DA:179,0
DA:180,0
DA:181,0
DA:185,0
DA:188,0
DA:189,0
DA:209,0
DA:213,0
DA:215,0
DA:217,0
DA:218,0
DA:219,0
DA:220,0
DA:223,0
LF:77
LH:0
end_of_record
SF:lib\src\momentum_event.dart
DA:17,2
DA:25,4
DA:26,4
DA:32,0
DA:49,1
DA:50,1
DA:51,0
DA:53,6
DA:58,1
DA:59,2
DA:63,4
DA:64,8
LF:12
LH:10
end_of_record
