SF:lib\src\momentum_base.dart
DA:11,9
DA:15,8
DA:17,8
DA:27,3
DA:29,6
DA:40,1
DA:51,8
DA:63,9
DA:68,2
DA:77,7
DA:79,14
DA:85,1
DA:88,1
DA:99,1
DA:100,1
DA:101,2
DA:102,3
DA:106,2
DA:108,3
DA:120,1
DA:122,2
DA:125,1
DA:126,1
DA:128,3
DA:142,8
DA:143,8
DA:144,8
DA:145,8
DA:146,8
DA:147,8
DA:148,3
DA:149,1
DA:158,8
DA:159,8
DA:160,8
DA:161,8
DA:162,8
DA:163,3
DA:164,1
DA:166,16
DA:167,16
DA:168,16
DA:169,8
DA:170,8
DA:171,3
DA:172,1
DA:188,2
DA:193,2
DA:198,18
DA:208,9
DA:209,9
DA:210,9
DA:211,9
DA:212,9
DA:213,9
DA:214,9
DA:215,18
DA:216,18
DA:217,18
DA:219,1
DA:221,27
DA:222,27
DA:223,9
DA:224,6
DA:225,2
DA:228,9
DA:238,1
DA:239,1
DA:242,9
DA:243,9
DA:245,3
DA:249,9
DA:250,2
DA:251,3
DA:263,7
DA:270,9
DA:273,14
DA:277,28
DA:278,14
DA:279,14
DA:280,28
DA:281,14
DA:284,7
DA:285,14
DA:286,21
DA:288,7
DA:289,14
DA:290,42
DA:294,14
DA:296,7
DA:298,14
DA:299,28
DA:300,21
DA:304,8
DA:305,2
DA:306,2
DA:308,3
DA:312,7
DA:313,2
DA:314,3
DA:316,2
DA:317,1
DA:318,1
DA:319,3
DA:321,1
DA:331,5
DA:335,9
DA:336,18
DA:337,9
DA:338,9
DA:340,1
DA:341,3
DA:347,1
DA:348,3
DA:354,3
DA:355,2
DA:356,4
DA:369,2
DA:370,2
DA:371,6
DA:373,2
DA:376,7
DA:377,14
DA:378,4
DA:379,2
DA:380,1
DA:384,1
DA:385,1
DA:387,1
DA:388,1
DA:390,1
DA:391,1
DA:392,3
DA:398,3
DA:399,1
DA:400,1
DA:403,1
DA:404,3
DA:412,9
DA:413,18
DA:414,5
DA:416,4
DA:417,2
DA:418,4
DA:419,10
DA:421,1
DA:422,2
DA:423,6
DA:428,3
DA:429,1
DA:430,3
DA:435,2
DA:437,1
DA:438,1
DA:440,1
DA:441,3
DA:453,3
DA:454,6
DA:455,6
DA:456,3
DA:457,9
DA:458,6
DA:459,6
DA:460,18
DA:462,3
DA:470,1
DA:471,1
DA:473,1
DA:474,1
DA:477,2
DA:478,3
DA:479,2
DA:480,2
DA:481,6
DA:483,5
DA:484,2
DA:485,1
DA:487,1
DA:491,8
DA:492,16
DA:500,2
DA:510,1
DA:514,3
DA:516,1
DA:517,1
DA:518,2
DA:532,1
DA:533,1
DA:534,1
DA:552,1
DA:556,2
DA:557,1
DA:558,3
DA:559,1
DA:560,1
DA:569,1
DA:570,5
DA:571,2
DA:572,1
DA:576,7
DA:577,35
DA:578,17
DA:588,2
DA:589,2
DA:591,2
DA:592,2
DA:593,3
DA:594,3
DA:595,3
DA:596,1
DA:597,1
DA:598,1
DA:600,4
DA:601,4
DA:603,2
DA:604,3
DA:611,2
DA:615,2
DA:619,2
DA:623,4
DA:628,4
DA:629,4
DA:630,4
DA:631,7
DA:632,4
DA:636,9
DA:641,9
DA:642,18
DA:643,9
DA:646,2
DA:647,2
DA:665,14
DA:667,8
DA:669,8
DA:670,8
DA:673,8
DA:675,8
DA:676,8
DA:679,1
DA:681,1
DA:682,1
DA:685,8
DA:687,16
DA:688,8
DA:693,8
DA:696,8
DA:697,8
DA:698,8
DA:700,8
DA:706,8
DA:736,8
DA:742,8
DA:744,8
DA:746,8
DA:754,2
DA:755,4
DA:756,2
DA:757,8
DA:763,8
DA:766,8
DA:767,8
DA:768,8
DA:770,8
DA:773,8
DA:775,16
DA:776,3
DA:777,2
DA:780,32
DA:783,8
DA:784,16
DA:785,33
DA:786,16
DA:788,16
DA:791,16
DA:793,32
DA:794,24
DA:795,24
DA:796,24
DA:798,48
DA:799,24
DA:800,8
DA:802,7
DA:803,7
DA:805,14
DA:806,3
DA:807,1
DA:811,21
DA:821,8
DA:822,16
DA:823,3
DA:824,2
DA:827,8
DA:828,8
DA:829,8
DA:830,32
DA:832,8
DA:833,8
DA:834,3
DA:836,2
DA:840,2
DA:842,16
DA:843,3
DA:847,16
DA:849,1
DA:850,3
DA:852,1
DA:856,7
DA:857,28
DA:859,7
DA:863,1
DA:864,1
DA:865,2
DA:866,3
DA:867,1
DA:870,3
DA:871,2
DA:875,2
DA:880,8
DA:890,14
DA:900,7
DA:913,9
DA:923,9
DA:924,9
DA:925,9
DA:936,9
DA:937,36
DA:940,9
DA:943,9
DA:944,9
DA:945,9
DA:947,9
DA:950,9
DA:951,36
DA:952,27
DA:953,27
DA:954,27
DA:957,9
DA:960,18
DA:962,18
DA:963,9
DA:964,18
DA:965,18
DA:966,18
DA:968,18
DA:971,18
DA:972,9
DA:976,9
DA:977,18
DA:978,12
DA:980,3
DA:981,1
DA:982,1
DA:983,1
DA:984,1
DA:986,2
DA:990,18
DA:991,9
DA:995,9
DA:996,36
DA:997,9
DA:999,11
DA:1001,2
DA:1006,9
DA:1007,18
DA:1008,36
DA:1009,9
DA:1011,13
DA:1012,18
DA:1013,18
DA:1014,9
DA:1015,27
DA:1016,18
DA:1017,27
DA:1018,18
DA:1019,9
DA:1023,9
DA:1025,18
DA:1026,18
DA:1028,9
DA:1029,1
DA:1030,1
DA:1032,9
DA:1033,18
DA:1035,18
DA:1036,9
DA:1037,9
DA:1041,9
DA:1043,9
DA:1044,9
DA:1047,9
DA:1058,9
DA:1071,9
DA:1074,9
DA:1087,9
DA:1088,9
DA:1091,1
DA:1092,8
DA:1106,9
DA:1108,18
DA:1110,27
DA:1112,1
DA:1115,9
DA:1116,18
DA:1118,1
DA:1123,9
DA:1124,36
DA:1126,9
DA:1127,9
DA:1128,1
DA:1129,1
DA:1130,1
DA:1147,8
DA:1148,8
DA:1151,8
DA:1152,8
DA:1153,16
DA:1154,24
DA:1155,4
DA:1158,2
DA:1166,1
DA:1167,1
DA:1170,3
DA:1171,3
DA:1172,6
DA:1173,9
DA:1174,1
DA:1177,2
DA:1184,8
DA:1185,16
DA:1186,24
DA:1187,1
DA:1195,9
DA:1197,9
DA:1200,1
DA:1201,1
DA:1202,2
DA:1203,1
DA:1210,1
DA:1211,1
DA:1212,1
DA:1213,2
DA:1215,1
DA:1222,1
DA:1223,1
DA:1225,2
DA:1226,1
DA:1236,1
DA:1237,2
DA:1243,6
DA:1244,12
DA:1253,3
DA:1254,6
DA:1260,1
DA:1261,2
DA:1264,8
DA:1265,16
DA:1268,1
DA:1269,2
DA:1272,1
LF:459
LH:459
end_of_record
SF:lib\src\momentum_router.dart
DA:16,1
DA:26,1
DA:31,1
DA:32,1
DA:33,1
DA:40,3
DA:42,1
DA:47,2
DA:48,3
DA:49,1
DA:52,2
DA:53,3
DA:55,2
DA:56,2
DA:57,1
DA:59,2
DA:63,1
DA:65,2
DA:67,3
DA:69,2
DA:74,1
DA:78,4
DA:79,2
DA:80,1
DA:82,2
DA:84,2
DA:85,1
DA:87,1
DA:90,1
DA:92,2
DA:94,3
DA:101,1
DA:102,2
DA:103,4
DA:106,1
DA:107,4
DA:108,2
DA:109,2
DA:117,1
DA:118,2
DA:119,4
DA:124,1
DA:125,2
DA:126,2
DA:127,3
DA:128,1
DA:130,2
DA:135,1
DA:136,4
DA:137,4
DA:138,3
DA:139,1
DA:141,2
DA:148,1
DA:153,1
DA:154,1
DA:162,1
DA:166,1
DA:167,1
DA:174,1
DA:175,1
DA:176,1
DA:181,1
DA:182,1
DA:183,2
DA:187,1
DA:190,1
DA:191,2
DA:211,1
DA:215,1
DA:217,1
DA:219,1
DA:220,1
DA:221,1
DA:222,1
DA:225,1
LF:76
LH:76
end_of_record
SF:lib\src\momentum_error.dart
DA:9,4
LF:1
LH:1
end_of_record
SF:lib\src\momentum_event.dart
DA:17,2
DA:25,8
DA:26,8
DA:44,1
DA:45,6
DA:49,1
DA:50,2
DA:54,8
DA:55,16
LF:9
LH:9
end_of_record
